{"/Users/Jacky/Documents/Code/doc_manager/server.js":{"path":"/Users/Jacky/Documents/Code/doc_manager/server.js","s":{"1":1,"2":1,"3":1,"4":1,"5":1,"6":1,"7":1,"8":1,"9":1,"10":1,"11":1,"12":1,"13":1,"14":1,"15":1,"16":1,"17":1,"18":1},"b":{"1":[1,1]},"f":{"1":1},"fnMap":{"1":{"name":"(anonymous_1)","line":22,"loc":{"start":{"line":22,"column":30},"end":{"line":22,"column":41}}}},"statementMap":{"1":{"start":{"line":1,"column":0},"end":{"line":1,"column":33}},"2":{"start":{"line":2,"column":0},"end":{"line":2,"column":20}},"3":{"start":{"line":3,"column":0},"end":{"line":3,"column":35}},"4":{"start":{"line":4,"column":0},"end":{"line":4,"column":40}},"5":{"start":{"line":5,"column":0},"end":{"line":5,"column":40}},"6":{"start":{"line":6,"column":0},"end":{"line":6,"column":31}},"7":{"start":{"line":7,"column":0},"end":{"line":7,"column":33}},"8":{"start":{"line":9,"column":0},"end":{"line":9,"column":23}},"9":{"start":{"line":11,"column":0},"end":{"line":11,"column":39}},"10":{"start":{"line":12,"column":0},"end":{"line":12,"column":34}},"11":{"start":{"line":13,"column":0},"end":{"line":13,"column":35}},"12":{"start":{"line":15,"column":0},"end":{"line":15,"column":51}},"13":{"start":{"line":16,"column":0},"end":{"line":16,"column":27}},"14":{"start":{"line":18,"column":0},"end":{"line":18,"column":12}},"15":{"start":{"line":20,"column":0},"end":{"line":20,"column":36}},"16":{"start":{"line":22,"column":0},"end":{"line":24,"column":3}},"17":{"start":{"line":23,"column":2},"end":{"line":23,"column":39}},"18":{"start":{"line":26,"column":0},"end":{"line":26,"column":24}}},"branchMap":{"1":{"line":20,"type":"binary-expr","locations":[{"start":{"line":20,"column":11},"end":{"line":20,"column":27}},{"start":{"line":20,"column":31},"end":{"line":20,"column":35}}]}}},"/Users/Jacky/Documents/Code/doc_manager/server/routes/index.js":{"path":"/Users/Jacky/Documents/Code/doc_manager/server/routes/index.js","s":{"1":1,"2":1,"3":1,"4":1,"5":1,"6":0},"b":{},"f":{"1":1,"2":0},"fnMap":{"1":{"name":"(anonymous_1)","line":1,"loc":{"start":{"line":1,"column":17},"end":{"line":1,"column":31}}},"2":{"name":"(anonymous_2)","line":6,"loc":{"start":{"line":6,"column":15},"end":{"line":6,"column":34}}}},"statementMap":{"1":{"start":{"line":1,"column":0},"end":{"line":9,"column":2}},"2":{"start":{"line":2,"column":2},"end":{"line":2,"column":26}},"3":{"start":{"line":3,"column":2},"end":{"line":3,"column":30}},"4":{"start":{"line":4,"column":2},"end":{"line":4,"column":26}},"5":{"start":{"line":6,"column":2},"end":{"line":8,"column":5}},"6":{"start":{"line":7,"column":4},"end":{"line":7,"column":47}}},"branchMap":{}},"/Users/Jacky/Documents/Code/doc_manager/config.js":{"path":"/Users/Jacky/Documents/Code/doc_manager/config.js","s":{"1":1},"b":{},"f":{},"fnMap":{},"statementMap":{"1":{"start":{"line":1,"column":0},"end":{"line":7,"column":2}}},"branchMap":{}},"/Users/Jacky/Documents/Code/doc_manager/server/routes/roles.js":{"path":"/Users/Jacky/Documents/Code/doc_manager/server/routes/roles.js","s":{"1":1,"2":1,"3":1,"4":1,"5":1},"b":{},"f":{"1":1},"fnMap":{"1":{"name":"(anonymous_1)","line":1,"loc":{"start":{"line":1,"column":17},"end":{"line":1,"column":31}}}},"statementMap":{"1":{"start":{"line":1,"column":0},"end":{"line":15,"column":2}},"2":{"start":{"line":2,"column":2},"end":{"line":2,"column":45}},"3":{"start":{"line":3,"column":2},"end":{"line":3,"column":50}},"4":{"start":{"line":7,"column":2},"end":{"line":9,"column":59}},"5":{"start":{"line":11,"column":2},"end":{"line":14,"column":61}}},"branchMap":{}},"/Users/Jacky/Documents/Code/doc_manager/server/controllers/roles.js":{"path":"/Users/Jacky/Documents/Code/doc_manager/server/controllers/roles.js","s":{"1":1,"2":1,"3":1,"4":1,"5":1,"6":1,"7":1,"8":0,"9":0,"10":1,"11":0,"12":0,"13":0,"14":0,"15":0,"16":0,"17":2,"18":2,"19":0,"20":2,"21":0,"22":0,"23":0,"24":0,"25":0,"26":0,"27":0,"28":0,"29":0,"30":0,"31":0},"b":{"1":[0,1],"2":[0,0],"3":[0,0],"4":[0,2],"5":[0,0],"6":[0,0],"7":[0,0]},"f":{"1":1,"2":1,"3":1,"4":0,"5":0,"6":2,"7":2,"8":0,"9":0,"10":0,"11":0,"12":0},"fnMap":{"1":{"name":"(anonymous_1)","line":1,"loc":{"start":{"line":1,"column":1},"end":{"line":1,"column":12}}},"2":{"name":"(anonymous_2)","line":5,"loc":{"start":{"line":5,"column":12},"end":{"line":5,"column":31}}},"3":{"name":"(anonymous_3)","line":10,"loc":{"start":{"line":10,"column":16},"end":{"line":10,"column":30}}},"4":{"name":"(anonymous_4)","line":19,"loc":{"start":{"line":19,"column":12},"end":{"line":19,"column":31}}},"5":{"name":"(anonymous_5)","line":20,"loc":{"start":{"line":20,"column":44},"end":{"line":20,"column":64}}},"6":{"name":"(anonymous_6)","line":31,"loc":{"start":{"line":31,"column":12},"end":{"line":31,"column":31}}},"7":{"name":"(anonymous_7)","line":32,"loc":{"start":{"line":32,"column":16},"end":{"line":32,"column":37}}},"8":{"name":"(anonymous_8)","line":38,"loc":{"start":{"line":38,"column":12},"end":{"line":38,"column":31}}},"9":{"name":"(anonymous_9)","line":39,"loc":{"start":{"line":39,"column":73},"end":{"line":39,"column":93}}},"10":{"name":"(anonymous_10)","line":40,"loc":{"start":{"line":40,"column":18},"end":{"line":40,"column":29}}},"11":{"name":"(anonymous_11)","line":52,"loc":{"start":{"line":52,"column":12},"end":{"line":52,"column":31}}},"12":{"name":"(anonymous_12)","line":53,"loc":{"start":{"line":53,"column":53},"end":{"line":53,"column":67}}}},"statementMap":{"1":{"start":{"line":1,"column":0},"end":{"line":62,"column":5}},"2":{"start":{"line":2,"column":2},"end":{"line":2,"column":40}},"3":{"start":{"line":4,"column":2},"end":{"line":61,"column":4}},"4":{"start":{"line":6,"column":6},"end":{"line":6,"column":28}},"5":{"start":{"line":8,"column":6},"end":{"line":8,"column":34}},"6":{"start":{"line":10,"column":6},"end":{"line":16,"column":9}},"7":{"start":{"line":11,"column":8},"end":{"line":14,"column":9}},"8":{"start":{"line":12,"column":10},"end":{"line":12,"column":27}},"9":{"start":{"line":13,"column":10},"end":{"line":13,"column":43}},"10":{"start":{"line":15,"column":8},"end":{"line":15,"column":93}},"11":{"start":{"line":20,"column":6},"end":{"line":28,"column":9}},"12":{"start":{"line":21,"column":8},"end":{"line":27,"column":9}},"13":{"start":{"line":22,"column":10},"end":{"line":22,"column":24}},"14":{"start":{"line":23,"column":15},"end":{"line":27,"column":9}},"15":{"start":{"line":24,"column":10},"end":{"line":24,"column":25}},"16":{"start":{"line":26,"column":10},"end":{"line":26,"column":66}},"17":{"start":{"line":32,"column":6},"end":{"line":35,"column":9}},"18":{"start":{"line":33,"column":8},"end":{"line":33,"column":31}},"19":{"start":{"line":33,"column":17},"end":{"line":33,"column":31}},"20":{"start":{"line":34,"column":8},"end":{"line":34,"column":31}},"21":{"start":{"line":39,"column":6},"end":{"line":49,"column":9}},"22":{"start":{"line":40,"column":8},"end":{"line":48,"column":11}},"23":{"start":{"line":41,"column":10},"end":{"line":47,"column":11}},"24":{"start":{"line":42,"column":12},"end":{"line":42,"column":26}},"25":{"start":{"line":43,"column":17},"end":{"line":47,"column":11}},"26":{"start":{"line":44,"column":12},"end":{"line":44,"column":90}},"27":{"start":{"line":46,"column":12},"end":{"line":46,"column":80}},"28":{"start":{"line":53,"column":6},"end":{"line":59,"column":9}},"29":{"start":{"line":54,"column":8},"end":{"line":58,"column":9}},"30":{"start":{"line":55,"column":10},"end":{"line":55,"column":36}},"31":{"start":{"line":57,"column":10},"end":{"line":57,"column":88}}},"branchMap":{"1":{"line":11,"type":"if","locations":[{"start":{"line":11,"column":8},"end":{"line":11,"column":8}},{"start":{"line":11,"column":8},"end":{"line":11,"column":8}}]},"2":{"line":21,"type":"if","locations":[{"start":{"line":21,"column":8},"end":{"line":21,"column":8}},{"start":{"line":21,"column":8},"end":{"line":21,"column":8}}]},"3":{"line":23,"type":"if","locations":[{"start":{"line":23,"column":15},"end":{"line":23,"column":15}},{"start":{"line":23,"column":15},"end":{"line":23,"column":15}}]},"4":{"line":33,"type":"if","locations":[{"start":{"line":33,"column":8},"end":{"line":33,"column":8}},{"start":{"line":33,"column":8},"end":{"line":33,"column":8}}]},"5":{"line":41,"type":"if","locations":[{"start":{"line":41,"column":10},"end":{"line":41,"column":10}},{"start":{"line":41,"column":10},"end":{"line":41,"column":10}}]},"6":{"line":43,"type":"if","locations":[{"start":{"line":43,"column":17},"end":{"line":43,"column":17}},{"start":{"line":43,"column":17},"end":{"line":43,"column":17}}]},"7":{"line":54,"type":"if","locations":[{"start":{"line":54,"column":8},"end":{"line":54,"column":8}},{"start":{"line":54,"column":8},"end":{"line":54,"column":8}}]}}},"/Users/Jacky/Documents/Code/doc_manager/server/models/roles.js":{"path":"/Users/Jacky/Documents/Code/doc_manager/server/models/roles.js","s":{"1":1,"2":1,"3":1,"4":1,"5":1},"b":{},"f":{"1":1},"fnMap":{"1":{"name":"(anonymous_1)","line":1,"loc":{"start":{"line":1,"column":1},"end":{"line":1,"column":12}}}},"statementMap":{"1":{"start":{"line":1,"column":0},"end":{"line":17,"column":5}},"2":{"start":{"line":3,"column":2},"end":{"line":3,"column":37}},"3":{"start":{"line":5,"column":2},"end":{"line":5,"column":31}},"4":{"start":{"line":7,"column":2},"end":{"line":14,"column":5}},"5":{"start":{"line":16,"column":2},"end":{"line":16,"column":54}}},"branchMap":{}},"/Users/Jacky/Documents/Code/doc_manager/server/controllers/middleware.js":{"path":"/Users/Jacky/Documents/Code/doc_manager/server/controllers/middleware.js","s":{"1":1,"2":1,"3":1,"4":6,"5":6,"6":6,"7":6,"8":0,"9":6,"10":6,"11":0,"12":3,"13":3,"14":3,"15":0},"b":{"1":[6,0,0],"2":[6,0],"3":[0,6],"4":[3,0],"5":[3,0]},"f":{"1":6,"2":6,"3":3},"fnMap":{"1":{"name":"(anonymous_1)","line":5,"loc":{"start":{"line":5,"column":16},"end":{"line":5,"column":41}}},"2":{"name":"(anonymous_2)","line":10,"loc":{"start":{"line":10,"column":39},"end":{"line":10,"column":62}}},"3":{"name":"(anonymous_3)","line":26,"loc":{"start":{"line":26,"column":14},"end":{"line":26,"column":39}}}},"statementMap":{"1":{"start":{"line":1,"column":0},"end":{"line":1,"column":34}},"2":{"start":{"line":2,"column":0},"end":{"line":2,"column":37}},"3":{"start":{"line":4,"column":0},"end":{"line":34,"column":2}},"4":{"start":{"line":7,"column":4},"end":{"line":7,"column":83}},"5":{"start":{"line":9,"column":4},"end":{"line":23,"column":5}},"6":{"start":{"line":10,"column":6},"end":{"line":17,"column":9}},"7":{"start":{"line":11,"column":8},"end":{"line":16,"column":9}},"8":{"start":{"line":12,"column":10},"end":{"line":12,"column":79}},"9":{"start":{"line":14,"column":10},"end":{"line":14,"column":32}},"10":{"start":{"line":15,"column":10},"end":{"line":15,"column":17}},"11":{"start":{"line":19,"column":6},"end":{"line":22,"column":9}},"12":{"start":{"line":27,"column":4},"end":{"line":27,"column":60}},"13":{"start":{"line":28,"column":4},"end":{"line":32,"column":5}},"14":{"start":{"line":29,"column":6},"end":{"line":29,"column":13}},"15":{"start":{"line":31,"column":6},"end":{"line":31,"column":86}}},"branchMap":{"1":{"line":7,"type":"binary-expr","locations":[{"start":{"line":7,"column":16},"end":{"line":7,"column":45}},{"start":{"line":7,"column":49},"end":{"line":7,"column":63}},{"start":{"line":7,"column":67},"end":{"line":7,"column":82}}]},"2":{"line":9,"type":"if","locations":[{"start":{"line":9,"column":4},"end":{"line":9,"column":4}},{"start":{"line":9,"column":4},"end":{"line":9,"column":4}}]},"3":{"line":11,"type":"if","locations":[{"start":{"line":11,"column":8},"end":{"line":11,"column":8}},{"start":{"line":11,"column":8},"end":{"line":11,"column":8}}]},"4":{"line":28,"type":"if","locations":[{"start":{"line":28,"column":4},"end":{"line":28,"column":4}},{"start":{"line":28,"column":4},"end":{"line":28,"column":4}}]},"5":{"line":28,"type":"binary-expr","locations":[{"start":{"line":28,"column":8},"end":{"line":28,"column":32}},{"start":{"line":28,"column":36},"end":{"line":28,"column":64}}]}}},"/Users/Jacky/Documents/Code/doc_manager/server/routes/documents.js":{"path":"/Users/Jacky/Documents/Code/doc_manager/server/routes/documents.js","s":{"1":1,"2":1,"3":1,"4":1,"5":1,"6":1,"7":1},"b":{},"f":{"1":1},"fnMap":{"1":{"name":"(anonymous_1)","line":1,"loc":{"start":{"line":1,"column":17},"end":{"line":1,"column":31}}}},"statementMap":{"1":{"start":{"line":1,"column":0},"end":{"line":19,"column":2}},"2":{"start":{"line":2,"column":2},"end":{"line":2,"column":53}},"3":{"start":{"line":3,"column":2},"end":{"line":3,"column":50}},"4":{"start":{"line":7,"column":2},"end":{"line":9,"column":46}},"5":{"start":{"line":11,"column":2},"end":{"line":14,"column":48}},"6":{"start":{"line":16,"column":2},"end":{"line":16,"column":89}},"7":{"start":{"line":17,"column":2},"end":{"line":17,"column":59}}},"branchMap":{}},"/Users/Jacky/Documents/Code/doc_manager/server/controllers/documents.js":{"path":"/Users/Jacky/Documents/Code/doc_manager/server/controllers/documents.js","s":{"1":1,"2":1,"3":1,"4":1,"5":1,"6":1,"7":1,"8":1,"9":1,"10":1,"11":1,"12":1,"13":1,"14":1,"15":0,"16":0,"17":1,"18":0,"19":0,"20":0,"21":0,"22":0,"23":0,"24":0,"25":0,"26":0,"27":0,"28":0,"29":0,"30":0,"31":0,"32":0,"33":0,"34":0,"35":0,"36":0,"37":0,"38":0,"39":0,"40":0,"41":0,"42":0,"43":0,"44":0,"45":1,"46":1,"47":1,"48":0,"49":1,"50":1,"51":1,"52":1,"53":1,"54":0,"55":1,"56":0,"57":1,"58":0,"59":1,"60":1,"61":0,"62":1,"63":0,"64":0,"65":1,"66":1,"67":1,"68":0,"69":1,"70":0,"71":1,"72":1,"73":0,"74":1},"b":{"1":[0,1],"2":[0,0],"3":[0,0],"4":[0,0],"5":[0,0],"6":[0,0],"7":[0,0],"8":[0,0],"9":[0,0],"10":[0,0],"11":[0,0],"12":[0,1],"13":[1,0],"14":[1,0],"15":[1,0],"16":[0,1],"17":[0,1],"18":[0,1],"19":[0,1],"20":[0,1],"21":[0,1],"22":[1,1],"23":[0,1]},"f":{"1":1,"2":1,"3":1,"4":0,"5":0,"6":0,"7":0,"8":0,"9":0,"10":0,"11":0,"12":0,"13":0,"14":1,"15":1,"16":1,"17":1,"18":1,"19":1},"fnMap":{"1":{"name":"(anonymous_1)","line":1,"loc":{"start":{"line":1,"column":1},"end":{"line":1,"column":12}}},"2":{"name":"(anonymous_2)","line":6,"loc":{"start":{"line":6,"column":12},"end":{"line":6,"column":31}}},"3":{"name":"(anonymous_3)","line":17,"loc":{"start":{"line":17,"column":20},"end":{"line":17,"column":34}}},"4":{"name":"(anonymous_4)","line":26,"loc":{"start":{"line":26,"column":12},"end":{"line":26,"column":31}}},"5":{"name":"(anonymous_5)","line":28,"loc":{"start":{"line":28,"column":20},"end":{"line":28,"column":44}}},"6":{"name":"(anonymous_6)","line":47,"loc":{"start":{"line":47,"column":16},"end":{"line":47,"column":35}}},"7":{"name":"(anonymous_7)","line":50,"loc":{"start":{"line":50,"column":22},"end":{"line":50,"column":47}}},"8":{"name":"(anonymous_8)","line":56,"loc":{"start":{"line":56,"column":15},"end":{"line":56,"column":34}}},"9":{"name":"(anonymous_9)","line":57,"loc":{"start":{"line":57,"column":53},"end":{"line":57,"column":78}}},"10":{"name":"(anonymous_10)","line":66,"loc":{"start":{"line":66,"column":16},"end":{"line":66,"column":35}}},"11":{"name":"(anonymous_11)","line":67,"loc":{"start":{"line":67,"column":49},"end":{"line":67,"column":74}}},"12":{"name":"(anonymous_12)","line":76,"loc":{"start":{"line":76,"column":12},"end":{"line":76,"column":31}}},"13":{"name":"(anonymous_13)","line":78,"loc":{"start":{"line":78,"column":48},"end":{"line":78,"column":72}}},"14":{"name":"(anonymous_14)","line":93,"loc":{"start":{"line":93,"column":12},"end":{"line":93,"column":31}}},"15":{"name":"(anonymous_15)","line":94,"loc":{"start":{"line":94,"column":48},"end":{"line":94,"column":72}}},"16":{"name":"(anonymous_16)","line":104,"loc":{"start":{"line":104,"column":26},"end":{"line":104,"column":37}}},"17":{"name":"(anonymous_17)","line":117,"loc":{"start":{"line":117,"column":12},"end":{"line":117,"column":31}}},"18":{"name":"(anonymous_18)","line":118,"loc":{"start":{"line":118,"column":47},"end":{"line":118,"column":71}}},"19":{"name":"(anonymous_19)","line":124,"loc":{"start":{"line":124,"column":50},"end":{"line":124,"column":61}}}},"statementMap":{"1":{"start":{"line":1,"column":0},"end":{"line":134,"column":5}},"2":{"start":{"line":2,"column":2},"end":{"line":2,"column":48}},"3":{"start":{"line":3,"column":2},"end":{"line":3,"column":36}},"4":{"start":{"line":5,"column":2},"end":{"line":133,"column":4}},"5":{"start":{"line":7,"column":6},"end":{"line":7,"column":36}},"6":{"start":{"line":8,"column":6},"end":{"line":8,"column":62}},"7":{"start":{"line":10,"column":6},"end":{"line":10,"column":36}},"8":{"start":{"line":11,"column":6},"end":{"line":11,"column":38}},"9":{"start":{"line":12,"column":6},"end":{"line":12,"column":42}},"10":{"start":{"line":13,"column":6},"end":{"line":13,"column":50}},"11":{"start":{"line":14,"column":6},"end":{"line":14,"column":46}},"12":{"start":{"line":15,"column":6},"end":{"line":15,"column":48}},"13":{"start":{"line":17,"column":6},"end":{"line":23,"column":9}},"14":{"start":{"line":18,"column":8},"end":{"line":21,"column":9}},"15":{"start":{"line":19,"column":10},"end":{"line":19,"column":27}},"16":{"start":{"line":20,"column":10},"end":{"line":20,"column":43}},"17":{"start":{"line":22,"column":8},"end":{"line":22,"column":85}},"18":{"start":{"line":28,"column":6},"end":{"line":34,"column":9}},"19":{"start":{"line":29,"column":8},"end":{"line":33,"column":9}},"20":{"start":{"line":30,"column":10},"end":{"line":30,"column":24}},"21":{"start":{"line":32,"column":10},"end":{"line":32,"column":29}},"22":{"start":{"line":48,"column":6},"end":{"line":48,"column":34}},"23":{"start":{"line":49,"column":6},"end":{"line":53,"column":7}},"24":{"start":{"line":50,"column":8},"end":{"line":52,"column":11}},"25":{"start":{"line":51,"column":10},"end":{"line":51,"column":37}},"26":{"start":{"line":57,"column":6},"end":{"line":63,"column":9}},"27":{"start":{"line":58,"column":8},"end":{"line":62,"column":9}},"28":{"start":{"line":59,"column":10},"end":{"line":59,"column":36}},"29":{"start":{"line":61,"column":10},"end":{"line":61,"column":30}},"30":{"start":{"line":67,"column":6},"end":{"line":73,"column":9}},"31":{"start":{"line":68,"column":8},"end":{"line":72,"column":9}},"32":{"start":{"line":69,"column":10},"end":{"line":69,"column":36}},"33":{"start":{"line":71,"column":10},"end":{"line":71,"column":30}},"34":{"start":{"line":77,"column":6},"end":{"line":77,"column":62}},"35":{"start":{"line":78,"column":6},"end":{"line":90,"column":9}},"36":{"start":{"line":79,"column":8},"end":{"line":89,"column":9}},"37":{"start":{"line":80,"column":10},"end":{"line":80,"column":24}},"38":{"start":{"line":81,"column":15},"end":{"line":89,"column":9}},"39":{"start":{"line":82,"column":10},"end":{"line":82,"column":61}},"40":{"start":{"line":83,"column":15},"end":{"line":89,"column":9}},"41":{"start":{"line":84,"column":10},"end":{"line":84,"column":86}},"42":{"start":{"line":85,"column":15},"end":{"line":89,"column":9}},"43":{"start":{"line":86,"column":10},"end":{"line":86,"column":41}},"44":{"start":{"line":88,"column":10},"end":{"line":88,"column":69}},"45":{"start":{"line":94,"column":6},"end":{"line":114,"column":9}},"46":{"start":{"line":95,"column":8},"end":{"line":95,"column":64}},"47":{"start":{"line":96,"column":8},"end":{"line":113,"column":9}},"48":{"start":{"line":97,"column":10},"end":{"line":97,"column":24}},"49":{"start":{"line":98,"column":15},"end":{"line":113,"column":9}},"50":{"start":{"line":99,"column":10},"end":{"line":110,"column":11}},"51":{"start":{"line":100,"column":12},"end":{"line":100,"column":74}},"52":{"start":{"line":100,"column":36},"end":{"line":100,"column":72}},"53":{"start":{"line":101,"column":12},"end":{"line":101,"column":68}},"54":{"start":{"line":101,"column":34},"end":{"line":101,"column":66}},"55":{"start":{"line":102,"column":12},"end":{"line":102,"column":83}},"56":{"start":{"line":102,"column":39},"end":{"line":102,"column":81}},"57":{"start":{"line":103,"column":12},"end":{"line":103,"column":68}},"58":{"start":{"line":103,"column":34},"end":{"line":103,"column":66}},"59":{"start":{"line":104,"column":12},"end":{"line":107,"column":15}},"60":{"start":{"line":105,"column":14},"end":{"line":105,"column":37}},"61":{"start":{"line":105,"column":23},"end":{"line":105,"column":37}},"62":{"start":{"line":106,"column":14},"end":{"line":106,"column":96}},"63":{"start":{"line":109,"column":12},"end":{"line":109,"column":90}},"64":{"start":{"line":112,"column":10},"end":{"line":112,"column":82}},"65":{"start":{"line":118,"column":6},"end":{"line":131,"column":9}},"66":{"start":{"line":119,"column":8},"end":{"line":119,"column":64}},"67":{"start":{"line":120,"column":8},"end":{"line":130,"column":9}},"68":{"start":{"line":120,"column":17},"end":{"line":120,"column":31}},"69":{"start":{"line":121,"column":13},"end":{"line":130,"column":9}},"70":{"start":{"line":122,"column":10},"end":{"line":122,"column":76}},"71":{"start":{"line":124,"column":10},"end":{"line":129,"column":13}},"72":{"start":{"line":125,"column":12},"end":{"line":128,"column":13}},"73":{"start":{"line":125,"column":21},"end":{"line":125,"column":35}},"74":{"start":{"line":127,"column":14},"end":{"line":127,"column":96}}},"branchMap":{"1":{"line":18,"type":"if","locations":[{"start":{"line":18,"column":8},"end":{"line":18,"column":8}},{"start":{"line":18,"column":8},"end":{"line":18,"column":8}}]},"2":{"line":29,"type":"if","locations":[{"start":{"line":29,"column":8},"end":{"line":29,"column":8}},{"start":{"line":29,"column":8},"end":{"line":29,"column":8}}]},"3":{"line":49,"type":"if","locations":[{"start":{"line":49,"column":6},"end":{"line":49,"column":6}},{"start":{"line":49,"column":6},"end":{"line":49,"column":6}}]},"4":{"line":58,"type":"if","locations":[{"start":{"line":58,"column":8},"end":{"line":58,"column":8}},{"start":{"line":58,"column":8},"end":{"line":58,"column":8}}]},"5":{"line":68,"type":"if","locations":[{"start":{"line":68,"column":8},"end":{"line":68,"column":8}},{"start":{"line":68,"column":8},"end":{"line":68,"column":8}}]},"6":{"line":79,"type":"if","locations":[{"start":{"line":79,"column":8},"end":{"line":79,"column":8}},{"start":{"line":79,"column":8},"end":{"line":79,"column":8}}]},"7":{"line":81,"type":"if","locations":[{"start":{"line":81,"column":15},"end":{"line":81,"column":15}},{"start":{"line":81,"column":15},"end":{"line":81,"column":15}}]},"8":{"line":83,"type":"if","locations":[{"start":{"line":83,"column":15},"end":{"line":83,"column":15}},{"start":{"line":83,"column":15},"end":{"line":83,"column":15}}]},"9":{"line":83,"type":"binary-expr","locations":[{"start":{"line":83,"column":19},"end":{"line":83,"column":50}},{"start":{"line":83,"column":54},"end":{"line":83,"column":78}}]},"10":{"line":85,"type":"if","locations":[{"start":{"line":85,"column":15},"end":{"line":85,"column":15}},{"start":{"line":85,"column":15},"end":{"line":85,"column":15}}]},"11":{"line":85,"type":"binary-expr","locations":[{"start":{"line":85,"column":19},"end":{"line":85,"column":50}},{"start":{"line":85,"column":54},"end":{"line":85,"column":78}}]},"12":{"line":96,"type":"if","locations":[{"start":{"line":96,"column":8},"end":{"line":96,"column":8}},{"start":{"line":96,"column":8},"end":{"line":96,"column":8}}]},"13":{"line":98,"type":"if","locations":[{"start":{"line":98,"column":15},"end":{"line":98,"column":15}},{"start":{"line":98,"column":15},"end":{"line":98,"column":15}}]},"14":{"line":99,"type":"if","locations":[{"start":{"line":99,"column":10},"end":{"line":99,"column":10}},{"start":{"line":99,"column":10},"end":{"line":99,"column":10}}]},"15":{"line":100,"type":"if","locations":[{"start":{"line":100,"column":12},"end":{"line":100,"column":12}},{"start":{"line":100,"column":12},"end":{"line":100,"column":12}}]},"16":{"line":101,"type":"if","locations":[{"start":{"line":101,"column":12},"end":{"line":101,"column":12}},{"start":{"line":101,"column":12},"end":{"line":101,"column":12}}]},"17":{"line":102,"type":"if","locations":[{"start":{"line":102,"column":12},"end":{"line":102,"column":12}},{"start":{"line":102,"column":12},"end":{"line":102,"column":12}}]},"18":{"line":103,"type":"if","locations":[{"start":{"line":103,"column":12},"end":{"line":103,"column":12}},{"start":{"line":103,"column":12},"end":{"line":103,"column":12}}]},"19":{"line":105,"type":"if","locations":[{"start":{"line":105,"column":14},"end":{"line":105,"column":14}},{"start":{"line":105,"column":14},"end":{"line":105,"column":14}}]},"20":{"line":120,"type":"if","locations":[{"start":{"line":120,"column":8},"end":{"line":120,"column":8}},{"start":{"line":120,"column":8},"end":{"line":120,"column":8}}]},"21":{"line":121,"type":"if","locations":[{"start":{"line":121,"column":13},"end":{"line":121,"column":13}},{"start":{"line":121,"column":13},"end":{"line":121,"column":13}}]},"22":{"line":121,"type":"binary-expr","locations":[{"start":{"line":121,"column":17},"end":{"line":121,"column":48}},{"start":{"line":121,"column":52},"end":{"line":121,"column":76}}]},"23":{"line":125,"type":"if","locations":[{"start":{"line":125,"column":12},"end":{"line":125,"column":12}},{"start":{"line":125,"column":12},"end":{"line":125,"column":12}}]}}},"/Users/Jacky/Documents/Code/doc_manager/server/models/documents.js":{"path":"/Users/Jacky/Documents/Code/doc_manager/server/models/documents.js","s":{"1":1,"2":1,"3":1,"4":1,"5":1,"6":1},"b":{},"f":{"1":1},"fnMap":{"1":{"name":"(anonymous_1)","line":1,"loc":{"start":{"line":1,"column":1},"end":{"line":1,"column":12}}}},"statementMap":{"1":{"start":{"line":1,"column":0},"end":{"line":42,"column":5}},"2":{"start":{"line":3,"column":2},"end":{"line":3,"column":37}},"3":{"start":{"line":4,"column":2},"end":{"line":4,"column":32}},"4":{"start":{"line":6,"column":2},"end":{"line":6,"column":31}},"5":{"start":{"line":9,"column":2},"end":{"line":39,"column":5}},"6":{"start":{"line":41,"column":2},"end":{"line":41,"column":62}}},"branchMap":{}},"/Users/Jacky/Documents/Code/doc_manager/server/models/users.js":{"path":"/Users/Jacky/Documents/Code/doc_manager/server/models/users.js","s":{"1":1,"2":1,"3":1,"4":1,"5":1,"6":1,"7":0,"8":0,"9":1},"b":{},"f":{"1":1,"2":0},"fnMap":{"1":{"name":"(anonymous_1)","line":1,"loc":{"start":{"line":1,"column":1},"end":{"line":1,"column":12}}},"2":{"name":"(anonymous_2)","line":47,"loc":{"start":{"line":47,"column":25},"end":{"line":47,"column":40}}}},"statementMap":{"1":{"start":{"line":1,"column":0},"end":{"line":53,"column":5}},"2":{"start":{"line":3,"column":2},"end":{"line":3,"column":37}},"3":{"start":{"line":4,"column":2},"end":{"line":4,"column":33}},"4":{"start":{"line":7,"column":2},"end":{"line":7,"column":31}},"5":{"start":{"line":9,"column":2},"end":{"line":45,"column":5}},"6":{"start":{"line":47,"column":2},"end":{"line":50,"column":5}},"7":{"start":{"line":48,"column":4},"end":{"line":48,"column":55}},"8":{"start":{"line":49,"column":4},"end":{"line":49,"column":11}},"9":{"start":{"line":52,"column":2},"end":{"line":52,"column":54}}},"branchMap":{}},"/Users/Jacky/Documents/Code/doc_manager/server/routes/users.js":{"path":"/Users/Jacky/Documents/Code/doc_manager/server/routes/users.js","s":{"1":1,"2":1,"3":1,"4":1,"5":1,"6":1,"7":1},"b":{},"f":{"1":1},"fnMap":{"1":{"name":"(anonymous_1)","line":1,"loc":{"start":{"line":1,"column":17},"end":{"line":1,"column":31}}}},"statementMap":{"1":{"start":{"line":1,"column":0},"end":{"line":21,"column":2}},"2":{"start":{"line":2,"column":2},"end":{"line":2,"column":45}},"3":{"start":{"line":3,"column":2},"end":{"line":3,"column":50}},"4":{"start":{"line":5,"column":2},"end":{"line":7,"column":23}},"5":{"start":{"line":9,"column":2},"end":{"line":9,"column":39}},"6":{"start":{"line":13,"column":2},"end":{"line":16,"column":61}},"7":{"start":{"line":19,"column":2},"end":{"line":20,"column":21}}},"branchMap":{}},"/Users/Jacky/Documents/Code/doc_manager/server/controllers/users.js":{"path":"/Users/Jacky/Documents/Code/doc_manager/server/controllers/users.js","s":{"1":1,"2":1,"3":1,"4":1,"5":1,"6":2,"7":2,"8":2,"9":2,"10":2,"11":2,"12":2,"13":2,"14":2,"15":0,"16":2,"17":0,"18":9,"19":9,"20":0,"21":9,"22":1,"23":8,"24":8,"25":0,"26":8,"27":0,"28":8,"29":8,"30":1,"31":1,"32":0,"33":1,"34":0,"35":0,"36":0,"37":0,"38":0,"39":0,"40":0,"41":0,"42":0,"43":0,"44":0,"45":0,"46":0,"47":0,"48":0,"49":0,"50":0,"51":0,"52":0,"53":0,"54":0,"55":0,"56":0,"57":0,"58":0,"59":0,"60":0,"61":0,"62":0,"63":0,"64":0,"65":0,"66":0,"67":0,"68":0,"69":0,"70":0,"71":0,"72":0,"73":0},"b":{"1":[2,0],"2":[0,2],"3":[0,9],"4":[1,8],"5":[0,8],"6":[0,8],"7":[0,1],"8":[0,0],"9":[0,0],"10":[0,0],"11":[0,0],"12":[0,0],"13":[0,0],"14":[0,0],"15":[0,0],"16":[0,0],"17":[0,0],"18":[0,0],"19":[0,0],"20":[0,0],"21":[0,0]},"f":{"1":2,"2":2,"3":9,"4":9,"5":8,"6":1,"7":1,"8":0,"9":0,"10":0,"11":0,"12":0,"13":0,"14":0,"15":0,"16":0,"17":0},"fnMap":{"1":{"name":"(anonymous_1)","line":8,"loc":{"start":{"line":8,"column":10},"end":{"line":8,"column":29}}},"2":{"name":"(anonymous_2)","line":15,"loc":{"start":{"line":15,"column":14},"end":{"line":15,"column":28}}},"3":{"name":"(anonymous_3)","line":28,"loc":{"start":{"line":28,"column":9},"end":{"line":28,"column":28}}},"4":{"name":"(anonymous_4)","line":31,"loc":{"start":{"line":31,"column":7},"end":{"line":31,"column":27}}},"5":{"name":"(anonymous_5)","line":37,"loc":{"start":{"line":37,"column":57},"end":{"line":37,"column":68}}},"6":{"name":"(anonymous_6)","line":58,"loc":{"start":{"line":58,"column":10},"end":{"line":58,"column":29}}},"7":{"name":"(anonymous_7)","line":59,"loc":{"start":{"line":59,"column":14},"end":{"line":59,"column":35}}},"8":{"name":"(anonymous_8)","line":65,"loc":{"start":{"line":65,"column":14},"end":{"line":65,"column":33}}},"9":{"name":"(anonymous_9)","line":69,"loc":{"start":{"line":69,"column":10},"end":{"line":69,"column":31}}},"10":{"name":"(anonymous_10)","line":75,"loc":{"start":{"line":75,"column":10},"end":{"line":75,"column":29}}},"11":{"name":"(anonymous_11)","line":76,"loc":{"start":{"line":76,"column":42},"end":{"line":76,"column":62}}},"12":{"name":"(anonymous_12)","line":90,"loc":{"start":{"line":90,"column":10},"end":{"line":90,"column":29}}},"13":{"name":"(anonymous_13)","line":91,"loc":{"start":{"line":91,"column":42},"end":{"line":91,"column":62}}},"14":{"name":"(anonymous_14)","line":101,"loc":{"start":{"line":101,"column":20},"end":{"line":101,"column":31}}},"15":{"name":"(anonymous_15)","line":114,"loc":{"start":{"line":114,"column":10},"end":{"line":114,"column":29}}},"16":{"name":"(anonymous_16)","line":115,"loc":{"start":{"line":115,"column":41},"end":{"line":115,"column":55}}},"17":{"name":"(anonymous_17)","line":121,"loc":{"start":{"line":121,"column":44},"end":{"line":121,"column":55}}}},"statementMap":{"1":{"start":{"line":1,"column":0},"end":{"line":1,"column":34}},"2":{"start":{"line":2,"column":0},"end":{"line":2,"column":37}},"3":{"start":{"line":3,"column":0},"end":{"line":3,"column":38}},"4":{"start":{"line":4,"column":0},"end":{"line":4,"column":31}},"5":{"start":{"line":7,"column":0},"end":{"line":139,"column":2}},"6":{"start":{"line":9,"column":4},"end":{"line":9,"column":26}},"7":{"start":{"line":10,"column":4},"end":{"line":10,"column":38}},"8":{"start":{"line":11,"column":4},"end":{"line":11,"column":79}},"9":{"start":{"line":12,"column":4},"end":{"line":12,"column":32}},"10":{"start":{"line":13,"column":4},"end":{"line":13,"column":38}},"11":{"start":{"line":14,"column":4},"end":{"line":14,"column":30}},"12":{"start":{"line":15,"column":4},"end":{"line":25,"column":7}},"13":{"start":{"line":16,"column":6},"end":{"line":24,"column":7}},"14":{"start":{"line":17,"column":8},"end":{"line":21,"column":9}},"15":{"start":{"line":18,"column":10},"end":{"line":18,"column":67}},"16":{"start":{"line":20,"column":10},"end":{"line":20,"column":36}},"17":{"start":{"line":23,"column":8},"end":{"line":23,"column":58}},"18":{"start":{"line":29,"column":4},"end":{"line":55,"column":7}},"19":{"start":{"line":32,"column":6},"end":{"line":54,"column":7}},"20":{"start":{"line":33,"column":8},"end":{"line":33,"column":22}},"21":{"start":{"line":34,"column":13},"end":{"line":54,"column":7}},"22":{"start":{"line":35,"column":8},"end":{"line":35,"column":64}},"23":{"start":{"line":37,"column":8},"end":{"line":53,"column":11}},"24":{"start":{"line":38,"column":10},"end":{"line":52,"column":11}},"25":{"start":{"line":39,"column":12},"end":{"line":39,"column":26}},"26":{"start":{"line":40,"column":17},"end":{"line":52,"column":11}},"27":{"start":{"line":41,"column":12},"end":{"line":41,"column":72}},"28":{"start":{"line":43,"column":12},"end":{"line":46,"column":17}},"29":{"start":{"line":47,"column":12},"end":{"line":51,"column":15}},"30":{"start":{"line":59,"column":4},"end":{"line":62,"column":7}},"31":{"start":{"line":60,"column":6},"end":{"line":60,"column":26}},"32":{"start":{"line":60,"column":15},"end":{"line":60,"column":26}},"33":{"start":{"line":61,"column":6},"end":{"line":61,"column":29}},"34":{"start":{"line":66,"column":4},"end":{"line":72,"column":7}},"35":{"start":{"line":70,"column":6},"end":{"line":70,"column":29}},"36":{"start":{"line":70,"column":15},"end":{"line":70,"column":29}},"37":{"start":{"line":71,"column":6},"end":{"line":71,"column":29}},"38":{"start":{"line":76,"column":4},"end":{"line":84,"column":7}},"39":{"start":{"line":77,"column":6},"end":{"line":83,"column":7}},"40":{"start":{"line":78,"column":8},"end":{"line":78,"column":22}},"41":{"start":{"line":79,"column":13},"end":{"line":83,"column":7}},"42":{"start":{"line":80,"column":8},"end":{"line":80,"column":23}},"43":{"start":{"line":82,"column":8},"end":{"line":82,"column":64}},"44":{"start":{"line":91,"column":4},"end":{"line":111,"column":7}},"45":{"start":{"line":92,"column":6},"end":{"line":92,"column":62}},"46":{"start":{"line":93,"column":6},"end":{"line":110,"column":7}},"47":{"start":{"line":94,"column":8},"end":{"line":94,"column":22}},"48":{"start":{"line":95,"column":13},"end":{"line":110,"column":7}},"49":{"start":{"line":96,"column":8},"end":{"line":107,"column":9}},"50":{"start":{"line":97,"column":10},"end":{"line":97,"column":62}},"51":{"start":{"line":97,"column":32},"end":{"line":97,"column":60}},"52":{"start":{"line":98,"column":10},"end":{"line":98,"column":74}},"53":{"start":{"line":98,"column":36},"end":{"line":98,"column":72}},"54":{"start":{"line":99,"column":10},"end":{"line":99,"column":71}},"55":{"start":{"line":99,"column":35},"end":{"line":99,"column":69}},"56":{"start":{"line":100,"column":10},"end":{"line":100,"column":71}},"57":{"start":{"line":100,"column":35},"end":{"line":100,"column":69}},"58":{"start":{"line":101,"column":10},"end":{"line":104,"column":13}},"59":{"start":{"line":102,"column":12},"end":{"line":102,"column":35}},"60":{"start":{"line":102,"column":21},"end":{"line":102,"column":35}},"61":{"start":{"line":103,"column":12},"end":{"line":103,"column":90}},"62":{"start":{"line":106,"column":10},"end":{"line":106,"column":88}},"63":{"start":{"line":109,"column":8},"end":{"line":109,"column":76}},"64":{"start":{"line":115,"column":4},"end":{"line":128,"column":7}},"65":{"start":{"line":116,"column":6},"end":{"line":116,"column":62}},"66":{"start":{"line":117,"column":6},"end":{"line":127,"column":7}},"67":{"start":{"line":117,"column":15},"end":{"line":117,"column":29}},"68":{"start":{"line":118,"column":11},"end":{"line":127,"column":7}},"69":{"start":{"line":119,"column":8},"end":{"line":119,"column":74}},"70":{"start":{"line":121,"column":8},"end":{"line":126,"column":11}},"71":{"start":{"line":122,"column":10},"end":{"line":125,"column":11}},"72":{"start":{"line":122,"column":19},"end":{"line":122,"column":33}},"73":{"start":{"line":124,"column":12},"end":{"line":124,"column":90}}},"branchMap":{"1":{"line":16,"type":"if","locations":[{"start":{"line":16,"column":6},"end":{"line":16,"column":6}},{"start":{"line":16,"column":6},"end":{"line":16,"column":6}}]},"2":{"line":17,"type":"if","locations":[{"start":{"line":17,"column":8},"end":{"line":17,"column":8}},{"start":{"line":17,"column":8},"end":{"line":17,"column":8}}]},"3":{"line":32,"type":"if","locations":[{"start":{"line":32,"column":6},"end":{"line":32,"column":6}},{"start":{"line":32,"column":6},"end":{"line":32,"column":6}}]},"4":{"line":34,"type":"if","locations":[{"start":{"line":34,"column":13},"end":{"line":34,"column":13}},{"start":{"line":34,"column":13},"end":{"line":34,"column":13}}]},"5":{"line":38,"type":"if","locations":[{"start":{"line":38,"column":10},"end":{"line":38,"column":10}},{"start":{"line":38,"column":10},"end":{"line":38,"column":10}}]},"6":{"line":40,"type":"if","locations":[{"start":{"line":40,"column":17},"end":{"line":40,"column":17}},{"start":{"line":40,"column":17},"end":{"line":40,"column":17}}]},"7":{"line":60,"type":"if","locations":[{"start":{"line":60,"column":6},"end":{"line":60,"column":6}},{"start":{"line":60,"column":6},"end":{"line":60,"column":6}}]},"8":{"line":70,"type":"if","locations":[{"start":{"line":70,"column":6},"end":{"line":70,"column":6}},{"start":{"line":70,"column":6},"end":{"line":70,"column":6}}]},"9":{"line":77,"type":"if","locations":[{"start":{"line":77,"column":6},"end":{"line":77,"column":6}},{"start":{"line":77,"column":6},"end":{"line":77,"column":6}}]},"10":{"line":79,"type":"if","locations":[{"start":{"line":79,"column":13},"end":{"line":79,"column":13}},{"start":{"line":79,"column":13},"end":{"line":79,"column":13}}]},"11":{"line":93,"type":"if","locations":[{"start":{"line":93,"column":6},"end":{"line":93,"column":6}},{"start":{"line":93,"column":6},"end":{"line":93,"column":6}}]},"12":{"line":95,"type":"if","locations":[{"start":{"line":95,"column":13},"end":{"line":95,"column":13}},{"start":{"line":95,"column":13},"end":{"line":95,"column":13}}]},"13":{"line":96,"type":"if","locations":[{"start":{"line":96,"column":8},"end":{"line":96,"column":8}},{"start":{"line":96,"column":8},"end":{"line":96,"column":8}}]},"14":{"line":97,"type":"if","locations":[{"start":{"line":97,"column":10},"end":{"line":97,"column":10}},{"start":{"line":97,"column":10},"end":{"line":97,"column":10}}]},"15":{"line":98,"type":"if","locations":[{"start":{"line":98,"column":10},"end":{"line":98,"column":10}},{"start":{"line":98,"column":10},"end":{"line":98,"column":10}}]},"16":{"line":99,"type":"if","locations":[{"start":{"line":99,"column":10},"end":{"line":99,"column":10}},{"start":{"line":99,"column":10},"end":{"line":99,"column":10}}]},"17":{"line":100,"type":"if","locations":[{"start":{"line":100,"column":10},"end":{"line":100,"column":10}},{"start":{"line":100,"column":10},"end":{"line":100,"column":10}}]},"18":{"line":102,"type":"if","locations":[{"start":{"line":102,"column":12},"end":{"line":102,"column":12}},{"start":{"line":102,"column":12},"end":{"line":102,"column":12}}]},"19":{"line":117,"type":"if","locations":[{"start":{"line":117,"column":6},"end":{"line":117,"column":6}},{"start":{"line":117,"column":6},"end":{"line":117,"column":6}}]},"20":{"line":118,"type":"if","locations":[{"start":{"line":118,"column":11},"end":{"line":118,"column":11}},{"start":{"line":118,"column":11},"end":{"line":118,"column":11}}]},"21":{"line":122,"type":"if","locations":[{"start":{"line":122,"column":10},"end":{"line":122,"column":10}},{"start":{"line":122,"column":10},"end":{"line":122,"column":10}}]}}}}