TN:
SF:/Users/Jacky/Documents/Code/doc_manager/server.js
FN:22,(anonymous_1)
FNF:1
FNH:1
FNDA:1,(anonymous_1)
DA:1,1
DA:2,1
DA:3,1
DA:4,1
DA:5,1
DA:6,1
DA:7,1
DA:9,1
DA:11,1
DA:12,1
DA:13,1
DA:15,1
DA:16,1
DA:18,1
DA:20,1
DA:22,1
DA:23,1
DA:26,1
LF:18
LH:18
BRDA:20,1,0,1
BRDA:20,1,1,1
BRF:2
BRH:2
end_of_record
TN:
SF:/Users/Jacky/Documents/Code/doc_manager/server/routes/index.js
FN:1,(anonymous_1)
FN:6,(anonymous_2)
FNF:2
FNH:1
FNDA:1,(anonymous_1)
FNDA:0,(anonymous_2)
DA:1,1
DA:2,1
DA:3,1
DA:4,1
DA:6,1
DA:7,0
LF:6
LH:5
BRF:0
BRH:0
end_of_record
TN:
SF:/Users/Jacky/Documents/Code/doc_manager/config.js
FNF:0
FNH:0
DA:1,1
LF:1
LH:1
BRF:0
BRH:0
end_of_record
TN:
SF:/Users/Jacky/Documents/Code/doc_manager/server/routes/roles.js
FN:1,(anonymous_1)
FNF:1
FNH:1
FNDA:1,(anonymous_1)
DA:1,1
DA:2,1
DA:3,1
DA:7,1
DA:11,1
LF:5
LH:5
BRF:0
BRH:0
end_of_record
TN:
SF:/Users/Jacky/Documents/Code/doc_manager/server/controllers/roles.js
FN:1,(anonymous_1)
FN:5,(anonymous_2)
FN:10,(anonymous_3)
FN:19,(anonymous_4)
FN:20,(anonymous_5)
FN:31,(anonymous_6)
FN:32,(anonymous_7)
FN:38,(anonymous_8)
FN:39,(anonymous_9)
FN:40,(anonymous_10)
FN:52,(anonymous_11)
FN:53,(anonymous_12)
FNF:12
FNH:5
FNDA:1,(anonymous_1)
FNDA:2,(anonymous_2)
FNDA:2,(anonymous_3)
FNDA:0,(anonymous_4)
FNDA:0,(anonymous_5)
FNDA:2,(anonymous_6)
FNDA:2,(anonymous_7)
FNDA:0,(anonymous_8)
FNDA:0,(anonymous_9)
FNDA:0,(anonymous_10)
FNDA:0,(anonymous_11)
FNDA:0,(anonymous_12)
DA:1,1
DA:2,1
DA:4,1
DA:6,2
DA:8,2
DA:10,2
DA:11,2
DA:13,0
DA:15,2
DA:20,0
DA:21,0
DA:22,0
DA:23,0
DA:24,0
DA:26,0
DA:32,2
DA:33,2
DA:34,2
DA:39,0
DA:40,0
DA:41,0
DA:42,0
DA:43,0
DA:44,0
DA:46,0
DA:53,0
DA:54,0
DA:55,0
DA:57,0
LF:29
LH:11
BRDA:11,1,0,0
BRDA:11,1,1,2
BRDA:21,2,0,0
BRDA:21,2,1,0
BRDA:23,3,0,0
BRDA:23,3,1,0
BRDA:33,4,0,0
BRDA:33,4,1,2
BRDA:41,5,0,0
BRDA:41,5,1,0
BRDA:43,6,0,0
BRDA:43,6,1,0
BRDA:54,7,0,0
BRDA:54,7,1,0
BRF:14
BRH:2
end_of_record
TN:
SF:/Users/Jacky/Documents/Code/doc_manager/server/models/roles.js
FN:1,(anonymous_1)
FNF:1
FNH:1
FNDA:1,(anonymous_1)
DA:1,1
DA:3,1
DA:5,1
DA:7,1
DA:16,1
LF:5
LH:5
BRF:0
BRH:0
end_of_record
TN:
SF:/Users/Jacky/Documents/Code/doc_manager/server/controllers/middleware.js
FN:5,(anonymous_1)
FN:10,(anonymous_2)
FN:26,(anonymous_3)
FNF:3
FNH:3
FNDA:11,(anonymous_1)
FNDA:11,(anonymous_2)
FNDA:4,(anonymous_3)
DA:1,1
DA:2,1
DA:4,1
DA:7,11
DA:9,11
DA:10,11
DA:11,11
DA:12,0
DA:14,11
DA:15,11
DA:19,0
DA:27,4
DA:28,4
DA:29,4
DA:31,0
LF:15
LH:12
BRDA:7,1,0,11
BRDA:7,1,1,0
BRDA:7,1,2,0
BRDA:9,2,0,11
BRDA:9,2,1,0
BRDA:11,3,0,0
BRDA:11,3,1,11
BRDA:28,4,0,4
BRDA:28,4,1,0
BRDA:28,5,0,4
BRDA:28,5,1,0
BRF:11
BRH:5
end_of_record
TN:
SF:/Users/Jacky/Documents/Code/doc_manager/server/routes/documents.js
FN:1,(anonymous_1)
FNF:1
FNH:1
FNDA:1,(anonymous_1)
DA:1,1
DA:2,1
DA:3,1
DA:4,1
DA:8,1
DA:12,1
DA:17,1
DA:18,1
DA:19,1
LF:9
LH:9
BRF:0
BRH:0
end_of_record
TN:
SF:/Users/Jacky/Documents/Code/doc_manager/server/controllers/documents.js
FN:1,(anonymous_1)
FN:6,(anonymous_2)
FN:17,(anonymous_3)
FN:25,(anonymous_4)
FN:30,(anonymous_5)
FN:39,(anonymous_6)
FN:40,(anonymous_7)
FN:49,(anonymous_8)
FN:50,(anonymous_9)
FN:59,(anonymous_10)
FN:60,(anonymous_11)
FN:70,(anonymous_12)
FN:71,(anonymous_13)
FN:80,(anonymous_14)
FN:82,(anonymous_15)
FN:97,(anonymous_16)
FN:98,(anonymous_17)
FN:108,(anonymous_18)
FN:121,(anonymous_19)
FN:122,(anonymous_20)
FN:128,(anonymous_21)
FNF:21
FNH:11
FNDA:1,(anonymous_1)
FNDA:2,(anonymous_2)
FNDA:2,(anonymous_3)
FNDA:3,(anonymous_4)
FNDA:3,(anonymous_5)
FNDA:0,(anonymous_6)
FNDA:0,(anonymous_7)
FNDA:0,(anonymous_8)
FNDA:0,(anonymous_9)
FNDA:0,(anonymous_10)
FNDA:0,(anonymous_11)
FNDA:0,(anonymous_12)
FNDA:0,(anonymous_13)
FNDA:0,(anonymous_14)
FNDA:0,(anonymous_15)
FNDA:1,(anonymous_16)
FNDA:1,(anonymous_17)
FNDA:1,(anonymous_18)
FNDA:1,(anonymous_19)
FNDA:1,(anonymous_20)
FNDA:1,(anonymous_21)
DA:1,1
DA:2,1
DA:3,1
DA:5,1
DA:7,2
DA:8,2
DA:10,2
DA:11,2
DA:12,2
DA:13,2
DA:14,2
DA:15,2
DA:17,2
DA:18,2
DA:19,1
DA:21,1
DA:26,3
DA:31,3
DA:32,0
DA:34,3
DA:40,0
DA:41,0
DA:42,0
DA:44,0
DA:50,0
DA:51,0
DA:52,0
DA:54,0
DA:60,0
DA:61,0
DA:62,0
DA:64,0
DA:71,0
DA:72,0
DA:73,0
DA:75,0
DA:81,0
DA:82,0
DA:83,0
DA:84,0
DA:85,0
DA:86,0
DA:87,0
DA:88,0
DA:89,0
DA:90,0
DA:92,0
DA:98,1
DA:99,1
DA:100,1
DA:101,0
DA:102,1
DA:103,1
DA:104,1
DA:105,1
DA:106,1
DA:107,1
DA:108,1
DA:109,1
DA:110,1
DA:113,0
DA:116,0
DA:122,1
DA:123,1
DA:124,1
DA:125,1
DA:126,0
DA:128,1
DA:129,1
DA:131,1
LF:70
LH:38
BRDA:18,1,0,1
BRDA:18,1,1,1
BRDA:28,2,0,3
BRDA:28,2,1,2
BRDA:29,3,0,3
BRDA:29,3,1,1
BRDA:31,4,0,0
BRDA:31,4,1,3
BRDA:41,5,0,0
BRDA:41,5,1,0
BRDA:51,6,0,0
BRDA:51,6,1,0
BRDA:61,7,0,0
BRDA:61,7,1,0
BRDA:67,8,0,0
BRDA:67,8,1,0
BRDA:72,9,0,0
BRDA:72,9,1,0
BRDA:83,10,0,0
BRDA:83,10,1,0
BRDA:85,11,0,0
BRDA:85,11,1,0
BRDA:87,12,0,0
BRDA:87,12,1,0
BRDA:87,13,0,0
BRDA:87,13,1,0
BRDA:89,14,0,0
BRDA:89,14,1,0
BRDA:89,15,0,0
BRDA:89,15,1,0
BRDA:100,16,0,0
BRDA:100,16,1,1
BRDA:102,17,0,1
BRDA:102,17,1,0
BRDA:103,18,0,1
BRDA:103,18,1,0
BRDA:104,19,0,1
BRDA:104,19,1,0
BRDA:105,20,0,0
BRDA:105,20,1,1
BRDA:106,21,0,0
BRDA:106,21,1,1
BRDA:107,22,0,0
BRDA:107,22,1,1
BRDA:109,23,0,0
BRDA:109,23,1,1
BRDA:124,24,0,0
BRDA:124,24,1,1
BRDA:125,25,0,0
BRDA:125,25,1,1
BRDA:125,26,0,1
BRDA:125,26,1,1
BRDA:129,27,0,0
BRDA:129,27,1,1
BRF:54
BRH:20
end_of_record
TN:
SF:/Users/Jacky/Documents/Code/doc_manager/server/models/documents.js
FN:1,(anonymous_1)
FNF:1
FNH:1
FNDA:1,(anonymous_1)
DA:1,1
DA:3,1
DA:4,1
DA:6,1
DA:9,1
DA:41,1
LF:6
LH:6
BRF:0
BRH:0
end_of_record
TN:
SF:/Users/Jacky/Documents/Code/doc_manager/server/models/users.js
FN:1,(anonymous_1)
FN:41,(anonymous_2)
FNF:2
FNH:2
FNDA:1,(anonymous_1)
FNDA:2,(anonymous_2)
DA:1,1
DA:3,1
DA:4,1
DA:7,1
DA:9,1
DA:41,1
DA:42,2
DA:43,2
DA:46,1
LF:9
LH:9
BRF:0
BRH:0
end_of_record
TN:
SF:/Users/Jacky/Documents/Code/doc_manager/server/controllers/search.js
FN:2,(anonymous_1)
FNF:1
FNH:0
FNDA:0,(anonymous_1)
DA:1,1
DA:3,0
DA:4,0
DA:5,0
DA:6,0
DA:7,0
DA:8,0
DA:9,0
DA:11,0
LF:9
LH:1
BRDA:4,1,0,0
BRDA:4,1,1,0
BRDA:6,2,0,0
BRDA:6,2,1,0
BRDA:8,3,0,0
BRDA:8,3,1,0
BRF:6
BRH:0
end_of_record
TN:
SF:/Users/Jacky/Documents/Code/doc_manager/server/routes/users.js
FN:1,(anonymous_1)
FNF:1
FNH:1
FNDA:1,(anonymous_1)
DA:1,1
DA:2,1
DA:3,1
DA:5,1
DA:9,1
DA:13,1
DA:19,1
LF:7
LH:7
BRF:0
BRH:0
end_of_record
TN:
SF:/Users/Jacky/Documents/Code/doc_manager/server/controllers/users.js
FN:8,(anonymous_1)
FN:15,(anonymous_2)
FN:28,(anonymous_3)
FN:31,(anonymous_4)
FN:37,(anonymous_5)
FN:58,(anonymous_6)
FN:59,(anonymous_7)
FN:65,(anonymous_8)
FN:69,(anonymous_9)
FN:70,(anonymous_10)
FN:78,(anonymous_11)
FN:82,(anonymous_12)
FN:88,(anonymous_13)
FN:89,(anonymous_14)
FN:100,(anonymous_15)
FN:101,(anonymous_16)
FN:111,(anonymous_17)
FN:124,(anonymous_18)
FN:125,(anonymous_19)
FN:131,(anonymous_20)
FNF:20
FNH:7
FNDA:5,(anonymous_1)
FNDA:5,(anonymous_2)
FNDA:18,(anonymous_3)
FNDA:18,(anonymous_4)
FNDA:18,(anonymous_5)
FNDA:1,(anonymous_6)
FNDA:1,(anonymous_7)
FNDA:0,(anonymous_8)
FNDA:0,(anonymous_9)
FNDA:0,(anonymous_10)
FNDA:0,(anonymous_11)
FNDA:0,(anonymous_12)
FNDA:0,(anonymous_13)
FNDA:0,(anonymous_14)
FNDA:0,(anonymous_15)
FNDA:0,(anonymous_16)
FNDA:0,(anonymous_17)
FNDA:0,(anonymous_18)
FNDA:0,(anonymous_19)
FNDA:0,(anonymous_20)
DA:1,1
DA:2,1
DA:3,1
DA:4,1
DA:7,1
DA:9,5
DA:10,5
DA:11,5
DA:12,5
DA:13,5
DA:14,5
DA:15,5
DA:16,5
DA:17,5
DA:18,2
DA:20,3
DA:23,0
DA:29,18
DA:32,18
DA:33,0
DA:34,18
DA:35,0
DA:37,18
DA:38,18
DA:39,0
DA:40,18
DA:41,0
DA:43,18
DA:47,18
DA:59,1
DA:60,1
DA:61,1
DA:66,0
DA:70,0
DA:71,0
DA:72,0
DA:79,0
DA:83,0
DA:84,0
DA:89,0
DA:90,0
DA:91,0
DA:92,0
DA:93,0
DA:95,0
DA:101,0
DA:102,0
DA:103,0
DA:104,0
DA:105,0
DA:106,0
DA:107,0
DA:108,0
DA:109,0
DA:110,0
DA:111,0
DA:112,0
DA:113,0
DA:116,0
DA:119,0
DA:125,0
DA:126,0
DA:127,0
DA:128,0
DA:129,0
DA:131,0
DA:132,0
DA:134,0
LF:68
LH:27
BRDA:16,1,0,5
BRDA:16,1,1,0
BRDA:17,2,0,2
BRDA:17,2,1,3
BRDA:32,3,0,0
BRDA:32,3,1,18
BRDA:34,4,0,0
BRDA:34,4,1,18
BRDA:38,5,0,0
BRDA:38,5,1,18
BRDA:40,6,0,0
BRDA:40,6,1,18
BRDA:60,7,0,0
BRDA:60,7,1,1
BRDA:71,8,0,0
BRDA:71,8,1,0
BRDA:83,9,0,0
BRDA:83,9,1,0
BRDA:90,10,0,0
BRDA:90,10,1,0
BRDA:92,11,0,0
BRDA:92,11,1,0
BRDA:103,12,0,0
BRDA:103,12,1,0
BRDA:105,13,0,0
BRDA:105,13,1,0
BRDA:106,14,0,0
BRDA:106,14,1,0
BRDA:107,15,0,0
BRDA:107,15,1,0
BRDA:108,16,0,0
BRDA:108,16,1,0
BRDA:109,17,0,0
BRDA:109,17,1,0
BRDA:110,18,0,0
BRDA:110,18,1,0
BRDA:112,19,0,0
BRDA:112,19,1,0
BRDA:127,20,0,0
BRDA:127,20,1,0
BRDA:128,21,0,0
BRDA:128,21,1,0
BRDA:132,22,0,0
BRDA:132,22,1,0
BRF:44
BRH:8
end_of_record
