TN:
SF:/Users/Jacky/Documents/Code/doc_manager/server.js
FN:22,(anonymous_1)
FNF:1
FNH:1
FNDA:1,(anonymous_1)
DA:1,1
DA:2,1
DA:3,1
DA:4,1
DA:5,1
DA:6,1
DA:7,1
DA:9,1
DA:11,1
DA:12,1
DA:13,1
DA:15,1
DA:16,1
DA:18,1
DA:20,1
DA:22,1
DA:23,1
DA:26,1
LF:18
LH:18
BRDA:20,1,0,1
BRDA:20,1,1,1
BRF:2
BRH:2
end_of_record
TN:
SF:/Users/Jacky/Documents/Code/doc_manager/server/routes/index.js
FN:1,(anonymous_1)
FN:6,(anonymous_2)
FNF:2
FNH:1
FNDA:1,(anonymous_1)
FNDA:0,(anonymous_2)
DA:1,1
DA:2,1
DA:3,1
DA:4,1
DA:6,1
DA:7,0
LF:6
LH:5
BRF:0
BRH:0
end_of_record
TN:
SF:/Users/Jacky/Documents/Code/doc_manager/config.js
FNF:0
FNH:0
DA:1,1
LF:1
LH:1
BRF:0
BRH:0
end_of_record
TN:
SF:/Users/Jacky/Documents/Code/doc_manager/server/routes/roles.js
FN:1,(anonymous_1)
FNF:1
FNH:1
FNDA:1,(anonymous_1)
DA:1,1
DA:2,1
DA:3,1
DA:7,1
DA:11,1
LF:5
LH:5
BRF:0
BRH:0
end_of_record
TN:
SF:/Users/Jacky/Documents/Code/doc_manager/server/controllers/roles.js
FN:1,(anonymous_1)
FN:5,(anonymous_2)
FN:10,(anonymous_3)
FN:19,(anonymous_4)
FN:20,(anonymous_5)
FN:31,(anonymous_6)
FN:32,(anonymous_7)
FN:38,(anonymous_8)
FN:39,(anonymous_9)
FN:40,(anonymous_10)
FN:52,(anonymous_11)
FN:53,(anonymous_12)
FNF:12
FNH:5
FNDA:1,(anonymous_1)
FNDA:2,(anonymous_2)
FNDA:2,(anonymous_3)
FNDA:0,(anonymous_4)
FNDA:0,(anonymous_5)
FNDA:2,(anonymous_6)
FNDA:2,(anonymous_7)
FNDA:0,(anonymous_8)
FNDA:0,(anonymous_9)
FNDA:0,(anonymous_10)
FNDA:0,(anonymous_11)
FNDA:0,(anonymous_12)
DA:1,1
DA:2,1
DA:4,1
DA:6,2
DA:8,2
DA:10,2
DA:11,2
DA:13,0
DA:15,2
DA:20,0
DA:21,0
DA:22,0
DA:23,0
DA:24,0
DA:26,0
DA:32,2
DA:33,2
DA:34,2
DA:39,0
DA:40,0
DA:41,0
DA:42,0
DA:43,0
DA:44,0
DA:46,0
DA:53,0
DA:54,0
DA:55,0
DA:57,0
LF:29
LH:11
BRDA:11,1,0,0
BRDA:11,1,1,2
BRDA:21,2,0,0
BRDA:21,2,1,0
BRDA:23,3,0,0
BRDA:23,3,1,0
BRDA:33,4,0,0
BRDA:33,4,1,2
BRDA:41,5,0,0
BRDA:41,5,1,0
BRDA:43,6,0,0
BRDA:43,6,1,0
BRDA:54,7,0,0
BRDA:54,7,1,0
BRF:14
BRH:2
end_of_record
TN:
SF:/Users/Jacky/Documents/Code/doc_manager/server/models/roles.js
FN:1,(anonymous_1)
FNF:1
FNH:1
FNDA:1,(anonymous_1)
DA:1,1
DA:3,1
DA:5,1
DA:7,1
DA:16,1
LF:5
LH:5
BRF:0
BRH:0
end_of_record
TN:
SF:/Users/Jacky/Documents/Code/doc_manager/server/controllers/middleware.js
FN:5,(anonymous_1)
FN:10,(anonymous_2)
FN:26,(anonymous_3)
FNF:3
FNH:3
FNDA:8,(anonymous_1)
FNDA:8,(anonymous_2)
FNDA:4,(anonymous_3)
DA:1,1
DA:2,1
DA:4,1
DA:7,8
DA:9,8
DA:10,8
DA:11,8
DA:12,0
DA:14,8
DA:15,8
DA:19,0
DA:27,4
DA:28,4
DA:29,4
DA:31,0
LF:15
LH:12
BRDA:7,1,0,8
BRDA:7,1,1,0
BRDA:7,1,2,0
BRDA:9,2,0,8
BRDA:9,2,1,0
BRDA:11,3,0,0
BRDA:11,3,1,8
BRDA:28,4,0,4
BRDA:28,4,1,0
BRDA:28,5,0,4
BRDA:28,5,1,0
BRF:11
BRH:5
end_of_record
TN:
SF:/Users/Jacky/Documents/Code/doc_manager/server/routes/documents.js
FN:1,(anonymous_1)
FNF:1
FNH:1
FNDA:1,(anonymous_1)
DA:1,1
DA:2,1
DA:3,1
DA:7,1
DA:11,1
DA:16,1
DA:17,1
LF:7
LH:7
BRF:0
BRH:0
end_of_record
TN:
SF:/Users/Jacky/Documents/Code/doc_manager/server/controllers/documents.js
FN:1,(anonymous_1)
FN:6,(anonymous_2)
FN:17,(anonymous_3)
FN:25,(anonymous_4)
FN:29,(anonymous_5)
FN:38,(anonymous_6)
FN:39,(anonymous_7)
FN:48,(anonymous_8)
FN:49,(anonymous_9)
FN:58,(anonymous_10)
FN:60,(anonymous_11)
FN:75,(anonymous_12)
FN:76,(anonymous_13)
FN:86,(anonymous_14)
FN:99,(anonymous_15)
FN:100,(anonymous_16)
FN:106,(anonymous_17)
FNF:17
FNH:9
FNDA:1,(anonymous_1)
FNDA:2,(anonymous_2)
FNDA:2,(anonymous_3)
FNDA:0,(anonymous_4)
FNDA:0,(anonymous_5)
FNDA:0,(anonymous_6)
FNDA:0,(anonymous_7)
FNDA:0,(anonymous_8)
FNDA:0,(anonymous_9)
FNDA:0,(anonymous_10)
FNDA:0,(anonymous_11)
FNDA:1,(anonymous_12)
FNDA:1,(anonymous_13)
FNDA:1,(anonymous_14)
FNDA:1,(anonymous_15)
FNDA:1,(anonymous_16)
FNDA:1,(anonymous_17)
DA:1,1
DA:2,1
DA:3,1
DA:5,1
DA:7,2
DA:8,2
DA:10,2
DA:11,2
DA:12,2
DA:13,2
DA:14,2
DA:15,2
DA:17,2
DA:18,2
DA:19,1
DA:21,1
DA:26,0
DA:30,0
DA:31,0
DA:33,0
DA:39,0
DA:40,0
DA:41,0
DA:43,0
DA:49,0
DA:50,0
DA:51,0
DA:53,0
DA:59,0
DA:60,0
DA:61,0
DA:62,0
DA:63,0
DA:64,0
DA:65,0
DA:66,0
DA:67,0
DA:68,0
DA:70,0
DA:76,1
DA:77,1
DA:78,1
DA:79,0
DA:80,1
DA:81,1
DA:82,1
DA:83,1
DA:84,1
DA:85,1
DA:86,1
DA:87,1
DA:88,1
DA:91,0
DA:94,0
DA:100,1
DA:101,1
DA:102,1
DA:103,1
DA:104,0
DA:106,1
DA:107,1
DA:109,1
LF:62
LH:35
BRDA:18,1,0,1
BRDA:18,1,1,1
BRDA:30,2,0,0
BRDA:30,2,1,0
BRDA:40,3,0,0
BRDA:40,3,1,0
BRDA:50,4,0,0
BRDA:50,4,1,0
BRDA:61,5,0,0
BRDA:61,5,1,0
BRDA:63,6,0,0
BRDA:63,6,1,0
BRDA:65,7,0,0
BRDA:65,7,1,0
BRDA:65,8,0,0
BRDA:65,8,1,0
BRDA:67,9,0,0
BRDA:67,9,1,0
BRDA:67,10,0,0
BRDA:67,10,1,0
BRDA:78,11,0,0
BRDA:78,11,1,1
BRDA:80,12,0,1
BRDA:80,12,1,0
BRDA:81,13,0,1
BRDA:81,13,1,0
BRDA:82,14,0,1
BRDA:82,14,1,0
BRDA:83,15,0,0
BRDA:83,15,1,1
BRDA:84,16,0,0
BRDA:84,16,1,1
BRDA:85,17,0,0
BRDA:85,17,1,1
BRDA:87,18,0,0
BRDA:87,18,1,1
BRDA:102,19,0,0
BRDA:102,19,1,1
BRDA:103,20,0,0
BRDA:103,20,1,1
BRDA:103,21,0,1
BRDA:103,21,1,1
BRDA:107,22,0,0
BRDA:107,22,1,1
BRF:44
BRH:15
end_of_record
TN:
SF:/Users/Jacky/Documents/Code/doc_manager/server/models/documents.js
FN:1,(anonymous_1)
FNF:1
FNH:1
FNDA:1,(anonymous_1)
DA:1,1
DA:3,1
DA:4,1
DA:6,1
DA:9,1
DA:41,1
LF:6
LH:6
BRF:0
BRH:0
end_of_record
TN:
SF:/Users/Jacky/Documents/Code/doc_manager/server/models/users.js
FN:1,(anonymous_1)
FN:41,(anonymous_2)
FNF:2
FNH:2
FNDA:1,(anonymous_1)
FNDA:2,(anonymous_2)
DA:1,1
DA:3,1
DA:4,1
DA:7,1
DA:9,1
DA:41,1
DA:42,2
DA:43,2
DA:46,1
LF:9
LH:9
BRF:0
BRH:0
end_of_record
TN:
SF:/Users/Jacky/Documents/Code/doc_manager/server/routes/users.js
FN:1,(anonymous_1)
FNF:1
FNH:1
FNDA:1,(anonymous_1)
DA:1,1
DA:2,1
DA:3,1
DA:5,1
DA:9,1
DA:13,1
DA:19,1
LF:7
LH:7
BRF:0
BRH:0
end_of_record
TN:
SF:/Users/Jacky/Documents/Code/doc_manager/server/controllers/users.js
FN:8,(anonymous_1)
FN:15,(anonymous_2)
FN:28,(anonymous_3)
FN:31,(anonymous_4)
FN:37,(anonymous_5)
FN:58,(anonymous_6)
FN:59,(anonymous_7)
FN:65,(anonymous_8)
FN:69,(anonymous_9)
FN:75,(anonymous_10)
FN:76,(anonymous_11)
FN:90,(anonymous_12)
FN:91,(anonymous_13)
FN:101,(anonymous_14)
FN:114,(anonymous_15)
FN:115,(anonymous_16)
FN:121,(anonymous_17)
FNF:17
FNH:7
FNDA:5,(anonymous_1)
FNDA:5,(anonymous_2)
FNDA:15,(anonymous_3)
FNDA:15,(anonymous_4)
FNDA:15,(anonymous_5)
FNDA:1,(anonymous_6)
FNDA:1,(anonymous_7)
FNDA:0,(anonymous_8)
FNDA:0,(anonymous_9)
FNDA:0,(anonymous_10)
FNDA:0,(anonymous_11)
FNDA:0,(anonymous_12)
FNDA:0,(anonymous_13)
FNDA:0,(anonymous_14)
FNDA:0,(anonymous_15)
FNDA:0,(anonymous_16)
FNDA:0,(anonymous_17)
DA:1,1
DA:2,1
DA:3,1
DA:4,1
DA:7,1
DA:9,5
DA:10,5
DA:11,5
DA:12,5
DA:13,5
DA:14,5
DA:15,5
DA:16,5
DA:17,5
DA:18,2
DA:20,3
DA:23,0
DA:29,15
DA:32,15
DA:33,0
DA:34,15
DA:35,0
DA:37,15
DA:38,15
DA:39,0
DA:40,15
DA:41,0
DA:43,15
DA:47,15
DA:59,1
DA:60,1
DA:61,1
DA:66,0
DA:70,0
DA:71,0
DA:76,0
DA:77,0
DA:78,0
DA:79,0
DA:80,0
DA:82,0
DA:91,0
DA:92,0
DA:93,0
DA:94,0
DA:95,0
DA:96,0
DA:97,0
DA:98,0
DA:99,0
DA:100,0
DA:101,0
DA:102,0
DA:103,0
DA:106,0
DA:109,0
DA:115,0
DA:116,0
DA:117,0
DA:118,0
DA:119,0
DA:121,0
DA:122,0
DA:124,0
LF:64
LH:27
BRDA:16,1,0,5
BRDA:16,1,1,0
BRDA:17,2,0,2
BRDA:17,2,1,3
BRDA:32,3,0,0
BRDA:32,3,1,15
BRDA:34,4,0,0
BRDA:34,4,1,15
BRDA:38,5,0,0
BRDA:38,5,1,15
BRDA:40,6,0,0
BRDA:40,6,1,15
BRDA:60,7,0,0
BRDA:60,7,1,1
BRDA:70,8,0,0
BRDA:70,8,1,0
BRDA:77,9,0,0
BRDA:77,9,1,0
BRDA:79,10,0,0
BRDA:79,10,1,0
BRDA:93,11,0,0
BRDA:93,11,1,0
BRDA:95,12,0,0
BRDA:95,12,1,0
BRDA:96,13,0,0
BRDA:96,13,1,0
BRDA:97,14,0,0
BRDA:97,14,1,0
BRDA:98,15,0,0
BRDA:98,15,1,0
BRDA:99,16,0,0
BRDA:99,16,1,0
BRDA:100,17,0,0
BRDA:100,17,1,0
BRDA:102,18,0,0
BRDA:102,18,1,0
BRDA:117,19,0,0
BRDA:117,19,1,0
BRDA:118,20,0,0
BRDA:118,20,1,0
BRDA:122,21,0,0
BRDA:122,21,1,0
BRF:42
BRH:8
end_of_record
